#
# There is insufficient memory for the Java Runtime Environment to continue.
# Native memory allocation (mmap) failed to map 4194304 bytes for G1 virtual space
# Possible reasons:
#   The system is out of physical RAM or swap space
#   The process is running with CompressedOops enabled, and the Java Heap may be blocking the growth of the native heap
# Possible solutions:
#   Reduce memory load on the system
#   Increase physical memory or swap space
#   Check if swap backing store is full
#   Decrease Java heap size (-Xmx/-Xms)
#   Decrease number of Java threads
#   Decrease Java thread stack sizes (-Xss)
#   Set larger code cache with -XX:ReservedCodeCacheSize=
#   JVM is running with Zero Based Compressed Oops mode in which the Java heap is
#     placed in the first 32GB address space. The Java Heap base address is the
#     maximum limit for the native heap growth. Please use -XX:HeapBaseMinAddress
#     to set the Java Heap base and to place the Java Heap above 32GB virtual address.
# This output file may be truncated or incomplete.
#
#  Out of Memory Error (os_windows.cpp:3825), pid=5668, tid=13352
#
# JRE version:  (17.0.10) (build )
# Java VM: OpenJDK 64-Bit Server VM (17.0.10+0--11609105, mixed mode, sharing, tiered, compressed oops, compressed class ptrs, g1 gc, windows-amd64)
# No core dump will be written. Minidumps are not enabled by default on client versions of Windows
#

---------------  S U M M A R Y ------------

Command Line: git4idea.http.GitAskPassApp Username for 'https://github.com': 

Host: Intel(R) Core(TM) i3-10105F CPU @ 3.70GHz, 8 cores, 15G,  Windows 10 , 64 bit Build 19041 (10.0.19041.1202)
Time: Wed Jun 19 18:32:31 2024 SE Asia Standard Time elapsed time: 0.007634 seconds (0d 0h 0m 0s)

---------------  T H R E A D  ---------------

Current thread (0x0000027972204520):  JavaThread "Unknown thread" [_thread_in_vm, id=13352, stack(0x000000d6cc800000,0x000000d6cc900000)]

Stack: [0x000000d6cc800000,0x000000d6cc900000]
Native frames: (J=compiled Java code, j=interpreted, Vv=VM code, C=native code)
V  [jvm.dll+0x688de9]
V  [jvm.dll+0x8423da]
V  [jvm.dll+0x84401e]
V  [jvm.dll+0x844683]
V  [jvm.dll+0x24be0f]
V  [jvm.dll+0x685bb9]
V  [jvm.dll+0x67a46a]
V  [jvm.dll+0x30cbab]
V  [jvm.dll+0x314056]
V  [jvm.dll+0x363df8]
V  [jvm.dll+0x363fff]
V  [jvm.dll+0x2e2978]
V  [jvm.dll+0x2e38e4]
V  [jvm.dll+0x812f71]
V  [jvm.dll+0x371c81]
V  [jvm.dll+0x7f1ac6]
V  [jvm.dll+0x3f58df]
V  [jvm.dll+0x3f7511]
C  [jli.dll+0x528f]
C  [ucrtbase.dll+0x21bb2]
C  [KERNEL32.DLL+0x17034]
C  [ntdll.dll+0x52651]


---------------  P R O C E S S  ---------------

Threads class SMR info:
_java_thread_list=0x00007ff9d1ebef58, length=0, elements={
}

Java Threads: ( => current thread )

Other Threads:
  0x000002797226f460 GCTaskThread "GC Thread#0" [stack: 0x000000d6cc900000,0x000000d6cca00000] [id=10316]
  0x0000027972280240 ConcurrentGCThread "G1 Main Marker" [stack: 0x000000d6cca00000,0x000000d6ccb00000] [id=11652]
  0x0000027972281400 ConcurrentGCThread "G1 Conc#0" [stack: 0x000000d6ccb00000,0x000000d6ccc00000] [id=14088]

[error occurred during error reporting (printing all threads), id 0xc0000005, EXCEPTION_ACCESS_VIOLATION (0xc0000005) at pc=0x00007ff9d1673547]

VM state: not at safepoint (not fully initialized)

VM Mutex/Monitor currently owned by a thread:  ([mutex/lock_event])
[0x00000279722007a0] Heap_lock - owner thread: 0x0000027972204520

Heap address: 0x0000000701600000, size: 4074 MB, Compressed Oops mode: Zero based, Oop shift amount: 3

CDS archive(s) mapped at: [0x0000000000000000-0x0000000000000000-0x0000000000000000), size 0, SharedBaseAddress: 0x0000000800000000, ArchiveRelocationMode: 1.
Narrow klass base: 0x0000000000000000, Narrow klass shift: 0, Narrow klass range: 0x0

GC Precious Log:
<Empty>

Heap:
 garbage-first heap   total 0K, used 0K [0x0000000701600000, 0x0000000800000000)
  region size 2048K, 0 young (0K), 0 survivors (0K)
 Metaspace       used 0K, committed 0K, reserved 0K
  class space    used 0K, committed 0K, reserved 0K

Heap Regions: E=young(eden), S=young(survivor), O=old, HS=humongous(starts), HC=humongous(continues), CS=collection set, F=free, OA=open archive, CA=closed archive, TAMS=top-at-mark-start (previous, next)

Card table byte_map: [0x0000027976210000,0x0000027976a10000] _byte_map_base: 0x0000027972a05000

Marking Bits (Prev, Next): (CMBitMap*) 0x000002797226fa80, (CMBitMap*) 0x000002797226fac0
 Prev Bits: [0x0000027977210000, 0x000002797b1b8000)
 Next Bits: [0x000002797b1c0000, 0x000002797f168000)

GC Heap History (0 events):
No events

Dll operation events (1 events):
Event: 0.004 Loaded shared library C:\Program Files\Android\Android Studio\jbr\bin\java.dll

Deoptimization events (0 events):
No events

Classes unloaded (0 events):
No events

Classes redefined (0 events):
No events

Internal exceptions (0 events):
No events

VM Operations (0 events):
No events

Events (0 events):
No events


Dynamic libraries:
0x00007ff7e0fe0000 - 0x00007ff7e0fea000 	C:\Program Files\Android\Android Studio\jbr\bin\java.exe
0x00007ffa241b0000 - 0x00007ffa243a5000 	C:\Windows\SYSTEM32\ntdll.dll
0x00007ffa23ed0000 - 0x00007ffa23f8e000 	C:\Windows\System32\KERNEL32.DLL
0x00007ffa21a60000 - 0x00007ffa21d29000 	C:\Windows\System32\KERNELBASE.dll
0x00007ffa21de0000 - 0x00007ffa21ee0000 	C:\Windows\System32\ucrtbase.dll
0x00007ffa0a4d0000 - 0x00007ffa0a4e7000 	C:\Program Files\Android\Android Studio\jbr\bin\jli.dll
0x00007ffa16ad0000 - 0x00007ffa16aeb000 	C:\Program Files\Android\Android Studio\jbr\bin\VCRUNTIME140.dll
0x00007ffa22960000 - 0x00007ffa22b01000 	C:\Windows\System32\USER32.dll
0x00007ff9ff5e0000 - 0x00007ff9ff87a000 	C:\Windows\WinSxS\amd64_microsoft.windows.common-controls_6595b64144ccf1df_6.0.19041.1110_none_60b5254171f9507e\COMCTL32.dll
0x00007ffa21970000 - 0x00007ffa21992000 	C:\Windows\System32\win32u.dll
0x00007ffa23500000 - 0x00007ffa2359e000 	C:\Windows\System32\msvcrt.dll
0x00007ffa23e00000 - 0x00007ffa23e2b000 	C:\Windows\System32\GDI32.dll
0x00007ffa21ee0000 - 0x00007ffa21feb000 	C:\Windows\System32\gdi32full.dll
0x00007ffa218d0000 - 0x00007ffa2196d000 	C:\Windows\System32\msvcp_win.dll
0x00007ffa24140000 - 0x00007ffa24170000 	C:\Windows\System32\IMM32.DLL
0x00007ffa21550000 - 0x00007ffa215e6000 	C:\Program Files (x86)\GBillingClient\x64\prochook.dll
0x00007ffa20f00000 - 0x00007ffa20f15000 	C:\Windows\SYSTEM32\cryptdll.dll
0x00007ffa23680000 - 0x00007ffa2372c000 	C:\Windows\System32\ADVAPI32.dll
0x00007ffa22b10000 - 0x00007ffa22bab000 	C:\Windows\System32\sechost.dll
0x00007ffa233d0000 - 0x00007ffa234fa000 	C:\Windows\System32\RPCRT4.dll
0x00007ffa16ac0000 - 0x00007ffa16acc000 	C:\Program Files\Android\Android Studio\jbr\bin\vcruntime140_1.dll
0x00007ffa03cc0000 - 0x00007ffa03d4d000 	C:\Program Files\Android\Android Studio\jbr\bin\msvcp140.dll
0x00007ff9d1380000 - 0x00007ff9d2003000 	C:\Program Files\Android\Android Studio\jbr\bin\server\jvm.dll
0x00007ffa21740000 - 0x00007ffa2178b000 	C:\Windows\SYSTEM32\POWRPROF.dll
0x00007ffa1b5b0000 - 0x00007ffa1b5ba000 	C:\Windows\SYSTEM32\VERSION.dll
0x00007ffa1a310000 - 0x00007ffa1a337000 	C:\Windows\SYSTEM32\WINMM.dll
0x00007ffa194a0000 - 0x00007ffa194a9000 	C:\Windows\SYSTEM32\WSOCK32.dll
0x00007ffa23360000 - 0x00007ffa233cb000 	C:\Windows\System32\WS2_32.dll
0x00007ffa21720000 - 0x00007ffa21732000 	C:\Windows\SYSTEM32\UMPDC.dll
0x00007ffa215f0000 - 0x00007ffa21602000 	C:\Windows\SYSTEM32\kernel.appcore.dll
0x00007ffa16340000 - 0x00007ffa1634a000 	C:\Program Files\Android\Android Studio\jbr\bin\jimage.dll
0x00007ffa16f10000 - 0x00007ffa170f4000 	C:\Windows\SYSTEM32\DBGHELP.DLL
0x00007ffa168e0000 - 0x00007ffa1690c000 	C:\Windows\SYSTEM32\dbgcore.DLL
0x00007ffa219d0000 - 0x00007ffa21a53000 	C:\Windows\System32\bcryptPrimitives.dll
0x00007ff9d5710000 - 0x00007ff9d5735000 	C:\Program Files\Android\Android Studio\jbr\bin\java.dll

dbghelp: loaded successfully - version: 4.0.5 - missing functions: none
symbol engine: initialized successfully - sym options: 0x614 - pdb path: .;C:\Program Files\Android\Android Studio\jbr\bin;C:\Windows\SYSTEM32;C:\Windows\WinSxS\amd64_microsoft.windows.common-controls_6595b64144ccf1df_6.0.19041.1110_none_60b5254171f9507e;C:\Program Files (x86)\GBillingClient\x64;C:\Program Files\Android\Android Studio\jbr\bin\server

VM Arguments:
java_command: git4idea.http.GitAskPassApp Username for 'https://github.com': 
java_class_path (initial): C:/Program Files/Android/Android Studio/plugins/vcs-git/lib/git4idea-rt.jar;C:/Program Files/Android/Android Studio/lib/externalProcess-rt.jar
Launcher Type: SUN_STANDARD

[Global flags]
     intx CICompilerCount                          = 4                                         {product} {ergonomic}
     uint ConcGCThreads                            = 2                                         {product} {ergonomic}
     uint G1ConcRefinementThreads                  = 8                                         {product} {ergonomic}
   size_t G1HeapRegionSize                         = 2097152                                   {product} {ergonomic}
    uintx GCDrainStackTargetSize                   = 64                                        {product} {ergonomic}
   size_t InitialHeapSize                          = 268435456                                 {product} {ergonomic}
   size_t MarkStackSize                            = 4194304                                   {product} {ergonomic}
   size_t MaxHeapSize                              = 4271898624                                {product} {ergonomic}
   size_t MinHeapDeltaBytes                        = 2097152                                   {product} {ergonomic}
   size_t MinHeapSize                              = 8388608                                   {product} {ergonomic}
    uintx NonNMethodCodeHeapSize                   = 5839372                                {pd product} {ergonomic}
    uintx NonProfiledCodeHeapSize                  = 122909434                              {pd product} {ergonomic}
    uintx ProfiledCodeHeapSize                     = 122909434                              {pd product} {ergonomic}
    uintx ReservedCodeCacheSize                    = 251658240                              {pd product} {ergonomic}
     bool SegmentedCodeCache                       = true                                      {product} {ergonomic}
   size_t SoftMaxHeapSize                          = 4271898624                             {manageable} {ergonomic}
     bool UseCompressedClassPointers               = true                           {product lp64_product} {ergonomic}
     bool UseCompressedOops                        = true                           {product lp64_product} {ergonomic}
     bool UseG1GC                                  = true                                      {product} {ergonomic}
     bool UseLargePagesIndividualAllocation        = false                                  {pd product} {ergonomic}

Logging:
Log output configuration:
 #0: stdout all=warning uptime,level,tags
 #1: stderr all=off uptime,level,tags

Environment Variables:
PATH=C:\Program Files\Git\mingw64\libexec\git-core;C:\Program Files\Git\mingw64\libexec\git-core;C:\Program Files\Git\mingw64\bin;C:\Program Files\Git\usr\bin;C:\Users\Administrator\bin;C:\Windows\system32;C:\Windows;C:\Windows\System32\Wbem;C:\Windows\System32\WindowsPowerShell\v1.0;C:\Windows\System32\OpenSSH;C:\Program Files\Git\cmd;C:\Users\Administrator\AppData\Local\Microsoft\WindowsApps
USERNAME=Administrator
DISPLAY=:0.0
LC_ALL=en_US.UTF-8
TERM=xterm-256color
TMPDIR=C:\Users\Administrator\AppData\Local\Temp
OS=Windows_NT
PROCESSOR_IDENTIFIER=Intel64 Family 6 Model 165 Stepping 3, GenuineIntel
TMP=C:\Users\Administrator\AppData\Local\Temp
TEMP=C:\Users\Administrator\AppData\Local\Temp



Periodic native trim disabled

JNI global refs:
JNI global refs: 0, weak refs: 0

JNI global refs memory usage: 0, weak refs: 0

OOME stack traces (most recent first):
Classloader memory used:


---------------  S Y S T E M  ---------------

OS:
 Windows 10 , 64 bit Build 19041 (10.0.19041.1202)
OS uptime: 0 days 3:48 hours

CPU: total 8 (initial active 8) (4 cores per cpu, 2 threads per core) family 6 model 165 stepping 3 microcode 0xcc, cx8, cmov, fxsr, ht, mmx, 3dnowpref, sse, sse2, sse3, ssse3, sse4.1, sse4.2, popcnt, lzcnt, tsc, tscinvbit, avx, avx2, aes, erms, clmul, bmi1, bmi2, adx, fma, vzeroupper, clflush, clflushopt
Processor Information for all 8 processors :
  Max Mhz: 3696, Current Mhz: 3696, Mhz Limit: 3696

Memory: 4k page, system-wide physical 16293M (1564M free)
TotalPageFile size 24485M (AvailPageFile size 5M)
current process WorkingSet (physical memory assigned to process): 11M, peak: 11M
current process commit charge ("private bytes"): 321M, peak: 325M

vm_info: OpenJDK 64-Bit Server VM (17.0.10+0--11609105) for windows-amd64 JRE (17.0.10+0--11609105), built on Mar 21 2024 19:10:56 by "androidbuild" with MS VC++ 16.10 / 16.11 (VS2019)

END.
